"../../../../../../Unreal/BattleTank/UnrealCourseBT/BattleTank/Content/Blueprints/UI/Eat_at_Joes_s_St.uasset" 0
"../../../../../../Unreal/BattleTank/UnrealCourseBT/BattleTank/Content/Blueprints/UI/Eat_at_Joes_s_St_Font.uasset" 1
"../../../../../../Unreal/BattleTank/UnrealCourseBT/BattleTank/Content/Blueprints/UI/Tank.uasset" 2
"../../../../../../Unreal/BattleTank/UnrealCourseBT/BattleTank/Content/Blueprints/UI/MainMenu_UI.uasset" 3
"../../../../../../Unreal/BattleTank/UnrealCourseBT/BattleTank/Content/Blueprints/UI/MainMenu_BP.uasset" 4
"../../../../../../Unreal/BattleTank/UnrealCourseBT/BattleTank/Content/StarterContent/Materials/M_Basic_Wall.uasset" 5
"../../../../../../Unreal/BattleTank/UnrealCourseBT/BattleTank/Content/StarterContent/Architecture/Pillar_50x500.uasset" 6
"../../../../../../Unreal/BattleTank/UnrealCourseBT/BattleTank/Content/StarterContent/Architecture/Wall_400x300.uasset" 7
"../../../../../../Unreal/BattleTank/UnrealCourseBT/BattleTank/Content/StarterContent/Architecture/Wall_400x400.uasset" 8
"../../../../../../Unreal/BattleTank/UnrealCourseBT/BattleTank/Content/StarterContent/Architecture/Wall_500x500.uasset" 9
"../../../../../../Unreal/BattleTank/UnrealCourseBT/BattleTank/Content/StarterContent/Architecture/Wall_Door_400x400.uasset" 10
"../../../../../../Unreal/BattleTank/UnrealCourseBT/BattleTank/Content/StarterContent/Architecture/Wall_Window_400x400.uasset" 11
"../../../../../../Unreal/BattleTank/UnrealCourseBT/BattleTank/Content/StarterContent/Audio/Collapse01.uasset" 12
"../../../../../../Unreal/BattleTank/UnrealCourseBT/BattleTank/Content/StarterContent/Audio/Collapse02.uasset" 13
"../../../../../../Unreal/BattleTank/UnrealCourseBT/BattleTank/Content/StarterContent/Audio/Explosion01.uasset" 14
"../../../../../../Unreal/BattleTank/UnrealCourseBT/BattleTank/Content/StarterContent/Audio/Explosion02.uasset" 15
"../../../../../../Unreal/BattleTank/UnrealCourseBT/BattleTank/Content/StarterContent/Audio/Fire01.uasset" 16
"../../../../../../Unreal/BattleTank/UnrealCourseBT/BattleTank/Content/StarterContent/Audio/Fire_Sparks01.uasset" 17
"../../../../../../Unreal/BattleTank/UnrealCourseBT/BattleTank/Content/StarterContent/Audio/Light01.uasset" 18
"../../../../../../Unreal/BattleTank/UnrealCourseBT/BattleTank/Content/StarterContent/Audio/Light01_Cue.uasset" 19
"../../../../../../Unreal/BattleTank/UnrealCourseBT/BattleTank/Content/StarterContent/Audio/Light02.uasset" 20
"../../../../../../Unreal/BattleTank/UnrealCourseBT/BattleTank/Content/StarterContent/Audio/Light02_Cue.uasset" 21
"../../../../../../Unreal/BattleTank/UnrealCourseBT/BattleTank/Content/StarterContent/Audio/Smoke01.uasset" 22
"../../../../../../Unreal/BattleTank/UnrealCourseBT/BattleTank/Content/StarterContent/Audio/Starter_Birds01.uasset" 23
"../../../../../../Unreal/BattleTank/UnrealCourseBT/BattleTank/Content/StarterContent/Audio/Starter_Music01.uasset" 24
"../../../../../../Unreal/BattleTank/UnrealCourseBT/BattleTank/Content/StarterContent/Audio/Starter_Wind05.uasset" 25
"../../../../../../Unreal/BattleTank/UnrealCourseBT/BattleTank/Content/StarterContent/Audio/Starter_Wind06.uasset" 26
"../../../../../../Unreal/BattleTank/UnrealCourseBT/BattleTank/Content/StarterContent/Audio/Steam01.uasset" 27
"../../../../../../Unreal/BattleTank/UnrealCourseBT/BattleTank/Content/StarterContent/Audio/Explosion_Cue.uasset" 28
"../../../../../../Unreal/BattleTank/UnrealCourseBT/BattleTank/Content/StarterContent/Textures/T_Burst_M.uasset" 29
"../../../../../../Unreal/BattleTank/UnrealCourseBT/BattleTank/Content/StarterContent/Particles/Materials/M_Burst.uasset" 30
"../../../../../../Unreal/BattleTank/UnrealCourseBT/BattleTank/Content/StarterContent/Textures/T_Explosion_SubUV.uasset" 31
"../../../../../../Unreal/BattleTank/UnrealCourseBT/BattleTank/Content/StarterContent/Particles/Materials/M_explosion_subUV.uasset" 32
"../../../../../../Unreal/BattleTank/UnrealCourseBT/BattleTank/Content/StarterContent/Particles/Materials/m_flare_01.uasset" 33
"../../../Engine/Content/Functions/Engine_MaterialFunctions01/Gradient/RadialGradient.uasset" 34
"../../../../../../Unreal/BattleTank/UnrealCourseBT/BattleTank/Content/StarterContent/Particles/Materials/M_radial_ramp.uasset" 35
"../../../../../../Unreal/BattleTank/UnrealCourseBT/BattleTank/Content/StarterContent/Textures/T_Smoke_SubUV.uasset" 36
"../../../../../../Unreal/BattleTank/UnrealCourseBT/BattleTank/Content/StarterContent/Textures/T_Smoke_Tiled_D.uasset" 37
"../../../../../../Unreal/BattleTank/UnrealCourseBT/BattleTank/Content/StarterContent/Particles/Materials/M_smoke_subUV.uasset" 38
"../../../../../../Unreal/BattleTank/UnrealCourseBT/BattleTank/Content/StarterContent/Particles/P_Explosion.uasset" 39
"../../../../../../Unreal/BattleTank/UnrealCourseBT/BattleTank/Content/StarterContent/Blueprints/Blueprint_Effect_Explosion.uasset" 40
"../../../Engine/Content/EditorMeshes/ColorCalibrator/T_ColorGrid.uasset" 41
"../../../../../../Unreal/BattleTank/UnrealCourseBT/BattleTank/Content/StarterContent/Materials/M_ColorGrid_LowSpec.uasset" 42
"../../../../../../Unreal/BattleTank/UnrealCourseBT/BattleTank/Content/StarterContent/Textures/T_Bush_D.uasset" 43
"../../../../../../Unreal/BattleTank/UnrealCourseBT/BattleTank/Content/StarterContent/Textures/T_Bush_N.uasset" 44
"../../../../../../Unreal/BattleTank/UnrealCourseBT/BattleTank/Content/StarterContent/Props/Materials/M_Bush.uasset" 45
"../../../../../../Unreal/BattleTank/UnrealCourseBT/BattleTank/Content/StarterContent/Props/SM_Bush.uasset" 46
"../../../../../../Unreal/BattleTank/UnrealCourseBT/BattleTank/Content/StarterContent/Textures/T_Chair_M.uasset" 47
"../../../../../../Unreal/BattleTank/UnrealCourseBT/BattleTank/Content/StarterContent/Textures/T_Chair_N.uasset" 48
"../../../../../../Unreal/BattleTank/UnrealCourseBT/BattleTank/Content/StarterContent/Props/Materials/M_Chair.uasset" 49
"../../../../../../Unreal/BattleTank/UnrealCourseBT/BattleTank/Content/StarterContent/Props/SM_Couch.uasset" 50
"../../../../../../Unreal/BattleTank/UnrealCourseBT/BattleTank/Content/StarterContent/Materials/M_Glass.uasset" 51
"../../../../../../Unreal/BattleTank/UnrealCourseBT/BattleTank/Content/StarterContent/Textures/T_Door_M.uasset" 52
"../../../../../../Unreal/BattleTank/UnrealCourseBT/BattleTank/Content/StarterContent/Textures/T_Door_N.uasset" 53
"../../../../../../Unreal/BattleTank/UnrealCourseBT/BattleTank/Content/StarterContent/Props/Materials/M_Door.uasset" 54
"../../../../../../Unreal/BattleTank/UnrealCourseBT/BattleTank/Content/StarterContent/Props/SM_Door.uasset" 55
"../../../../../../Unreal/BattleTank/UnrealCourseBT/BattleTank/Content/StarterContent/Props/Materials/M_MaterialSphere.uasset" 56
"../../../../../../Unreal/BattleTank/UnrealCourseBT/BattleTank/Content/StarterContent/Props/Materials/M_MaterialSphere_Plain.uasset" 57
"../../../../../../Unreal/BattleTank/UnrealCourseBT/BattleTank/Content/StarterContent/Props/SM_MatPreviewMesh_02.uasset" 58
"../../../Engine/Content/Functions/Engine_MaterialFunctions02/Utility/BlendAngleCorrectedNormals.uasset" 59
"../../../../../../Unreal/BattleTank/UnrealCourseBT/BattleTank/Content/StarterContent/Textures/T_Detail_Rocky_N.uasset" 60
"../../../../../../Unreal/BattleTank/UnrealCourseBT/BattleTank/Content/StarterContent/Textures/T_Rock_Basalt_D.uasset" 61
"../../../../../../Unreal/BattleTank/UnrealCourseBT/BattleTank/Content/StarterContent/Textures/T_RockMesh_M.uasset" 62
"../../../../../../Unreal/BattleTank/UnrealCourseBT/BattleTank/Content/StarterContent/Textures/T_RockMesh_N.uasset" 63
"../../../../../../Unreal/BattleTank/UnrealCourseBT/BattleTank/Content/StarterContent/Props/Materials/M_Rock.uasset" 64
"../../../../../../Unreal/BattleTank/UnrealCourseBT/BattleTank/Content/StarterContent/Props/SM_Rock.uasset" 65
"../../../../../../Unreal/BattleTank/UnrealCourseBT/BattleTank/Content/StarterContent/Textures/T_Shelf_M.uasset" 66
"../../../../../../Unreal/BattleTank/UnrealCourseBT/BattleTank/Content/StarterContent/Textures/T_Shelf_N.uasset" 67
"../../../../../../Unreal/BattleTank/UnrealCourseBT/BattleTank/Content/StarterContent/Props/Materials/M_Shelf.uasset" 68
"../../../../../../Unreal/BattleTank/UnrealCourseBT/BattleTank/Content/StarterContent/Props/SM_Shelf.uasset" 69
"../../../../../../Unreal/BattleTank/UnrealCourseBT/BattleTank/Content/StarterContent/Materials/M_Basic_Floor.uasset" 70
"../../../../../../Unreal/BattleTank/UnrealCourseBT/BattleTank/Content/StarterContent/Props/SM_Stairs.uasset" 71
"../../../../../../Unreal/BattleTank/UnrealCourseBT/BattleTank/Content/StarterContent/Shapes/Shape_Cone.uasset" 72
"../../../../../../Unreal/BattleTank/UnrealCourseBT/BattleTank/Content/StarterContent/Shapes/Shape_Cylinder.uasset" 73
"../../../../../../Unreal/BattleTank/UnrealCourseBT/BattleTank/Content/StarterContent/Shapes/Shape_NarrowCapsule.uasset" 74
"../../../../../../Unreal/BattleTank/UnrealCourseBT/BattleTank/Content/StarterContent/Shapes/Shape_Pipe.uasset" 75
"../../../../../../Unreal/BattleTank/UnrealCourseBT/BattleTank/Content/StarterContent/Shapes/Shape_Pipe_180.uasset" 76
"../../../../../../Unreal/BattleTank/UnrealCourseBT/BattleTank/Content/StarterContent/Shapes/Shape_Pipe_90.uasset" 77
"../../../../../../Unreal/BattleTank/UnrealCourseBT/BattleTank/Content/StarterContent/Shapes/Shape_Plane.uasset" 78
"../../../../../../Unreal/BattleTank/UnrealCourseBT/BattleTank/Content/StarterContent/Shapes/Shape_Torus.uasset" 79
"../../../../../../Unreal/BattleTank/UnrealCourseBT/BattleTank/Content/StarterContent/Shapes/Shape_Trim.uasset" 80
"../../../../../../Unreal/BattleTank/UnrealCourseBT/BattleTank/Content/StarterContent/Shapes/Shape_Trim_90_In.uasset" 81
"../../../../../../Unreal/BattleTank/UnrealCourseBT/BattleTank/Content/StarterContent/Shapes/Shape_Trim_90_Out.uasset" 82
"../../../../../../Unreal/BattleTank/UnrealCourseBT/BattleTank/Content/StarterContent/Shapes/Shape_TriPyramid.uasset" 83
"../../../../../../Unreal/BattleTank/UnrealCourseBT/BattleTank/Content/StarterContent/Shapes/Shape_Tube.uasset" 84
"../../../../../../Unreal/BattleTank/UnrealCourseBT/BattleTank/Content/StarterContent/Shapes/Shape_Wedge_A.uasset" 85
"../../../../../../Unreal/BattleTank/UnrealCourseBT/BattleTank/Content/StarterContent/Shapes/Shape_Wedge_B.uasset" 86
"../../../../../../Unreal/BattleTank/UnrealCourseBT/BattleTank/Content/StarterContent/Shapes/Shape_WideCapsule.uasset" 87
"../../../../../../Unreal/BattleTank/UnrealCourseBT/BattleTank/Content/Tank/tank_green.uasset" 88
"../../../../../../Unreal/BattleTank/UnrealCourseBT/BattleTank/Content/Tank/tank_fbx_Body_headlight.uasset" 89
"../../../../../../Unreal/BattleTank/UnrealCourseBT/BattleTank/Content/Tank/tank_fbx_Body_headlight_002.uasset" 90
"../../../../../../Unreal/BattleTank/UnrealCourseBT/BattleTank/Content/Tank/tank_green_001.uasset" 91
"../../../../../../Unreal/BattleTank/UnrealCourseBT/BattleTank/Content/Tank/tank_green_002.uasset" 92
"../../../../../../Unreal/BattleTank/UnrealCourseBT/BattleTank/Content/Tank/tank_fbx_Barrel.uasset" 93
"../../../../../../Unreal/BattleTank/UnrealCourseBT/BattleTank/Content/Tank/tank_fbx_Turret_turret_001.uasset" 94
"../../../../../../Unreal/BattleTank/UnrealCourseBT/BattleTank/Content/Tank/tank_fbx_Body_hull.uasset" 95
"../../../../../../Unreal/BattleTank/UnrealCourseBT/BattleTank/Content/Tank/tank_fbx_Body_Hull_V.uasset" 96
"../../../../../../Unreal/BattleTank/UnrealCourseBT/BattleTank/Content/Tank/tank_fbx_Body_oil_drum.uasset" 97
"../../../../../../Unreal/BattleTank/UnrealCourseBT/BattleTank/Content/Tank/tank_fbx_Body_track_guard.uasset" 98
"../../../../../../Unreal/BattleTank/UnrealCourseBT/BattleTank/Content/Tank/tank_fbx_Body_turret_neck.uasset" 99
"../../../../../../Unreal/BattleTank/UnrealCourseBT/BattleTank/Content/Tank/tank_fbx_Body_wheel_front.uasset" 100
"../../../../../../Unreal/BattleTank/UnrealCourseBT/BattleTank/Content/Tank/tank_fbx_Body_wheel_rear.uasset" 101
"../../../../../../Unreal/BattleTank/UnrealCourseBT/BattleTank/Content/Tank/tank_fbx_Turret_Commanders_hatch_001.uasset" 102
"../../../../../../Unreal/BattleTank/UnrealCourseBT/BattleTank/Content/Tank/tank_fbx_Turret_gunner_sight_001.uasset" 103
"../../../../../../Unreal/BattleTank/UnrealCourseBT/BattleTank/Content/Tank/tank_fbx_Turret_headlight_004.uasset" 104
"../../../../../../Unreal/BattleTank/UnrealCourseBT/BattleTank/Content/Tank/tank_fbx_Turret_headlight_005.uasset" 105
"../../../Engine/Content/Animation/DefaultAnimCurveCompressionSettings.uasset" 106
"../../../Engine/Content/Functions/Engine_MaterialFunctions01/Opacity/CameraDepthFade.uasset" 107
"../../../Engine/Content/EngineMaterials/T_Default_Material_Grid_M.uasset" 108
"../../../Engine/Content/EngineMaterials/T_Default_Material_Grid_N.uasset" 109
"../../../Engine/Content/EngineMaterials/WorldGridMaterial.uasset" 110
"../../../Engine/Content/ArtTools/RenderToTexture/Meshes/S_1_Unit_Plane.uasset" 111
"../../../Engine/Content/EngineMaterials/DefaultMaterial.uasset" 112
"../../../Engine/Content/BasicShapes/Cone.uasset" 113
"../../../Engine/Content/BasicShapes/Cube.uasset" 114
"../../../Engine/Content/BasicShapes/Cylinder.uasset" 115
"../../../Engine/Content/BasicShapes/Plane.uasset" 116
"../../../Engine/Content/BasicShapes/Sphere.uasset" 117
"../../../Engine/Content/EditorLandscapeResources/DataLayer.uasset" 118
"../../../Engine/Content/EditorMaterials/GizmoMaterial.uasset" 119
"../../../Engine/Content/EditorMaterials/MAT_Groups_Toggle.uasset" 120
"../../../Engine/Content/EditorMaterials/MAT_Groups_Visibility.uasset" 121
"../../../Engine/Content/EditorMaterials/PreviewShadowIndicator.uasset" 122
"../../../Engine/Content/EditorMaterials/PreviewShadowIndicatorMaterial.uasset" 123
"../../../Engine/Content/EditorMaterials/MatineeGroups/MAT_ColorTrack.uasset" 124
"../../../Engine/Content/EditorMaterials/MatineeGroups/MAT_Groups_Anim.uasset" 125
"../../../Engine/Content/EditorMaterials/MatineeGroups/MAT_Groups_AudioMaster.uasset" 126
"../../../Engine/Content/EditorMaterials/MatineeGroups/MAT_Groups_Director.uasset" 127
"../../../Engine/Content/EditorMaterials/MatineeGroups/MAT_Groups_Event.uasset" 128
"../../../Engine/Content/EditorMaterials/MatineeGroups/MAT_Groups_Fade.uasset" 129
"../../../Engine/Content/EditorMaterials/MatineeGroups/MAT_Groups_Float.uasset" 130
"../../../Engine/Content/EditorMaterials/MatineeGroups/MAT_Groups_Move.uasset" 131
"../../../Engine/Content/EditorMaterials/MatineeGroups/MAT_Groups_Slomo.uasset" 132
"../../../Engine/Content/EditorMaterials/MatineeGroups/MAT_Groups_Sound.uasset" 133
"../../../Engine/Content/EditorMaterials/MatineeGroups/MAT_Groups_Vector.uasset" 134
"../../../Engine/Content/EditorMaterials/ParticleSystems/PSysThumbnail_NoImage.uasset" 135
"../../../Engine/Content/EditorMaterials/ParticleSystems/PSysThumbnail_OOD.uasset" 136
"../../../Engine/Content/EditorMaterials/Camera/CineMat.uasset" 137
"../../../Engine/Content/EditorMaterials/Camera/MI_CineMat_Rig.uasset" 138
"../../../Engine/Content/EditorMeshes/Camera/SM_CraneRig_Arm.uasset" 139
"../../../Engine/Content/EditorMeshes/Camera/SM_CraneRig_Base.uasset" 140
"../../../Engine/Content/EditorMeshes/Camera/SM_CraneRig_Body.uasset" 141
"../../../Engine/Content/EditorMeshes/Camera/SM_CraneRig_Mount.uasset" 142
"../../../Engine/Content/EditorMeshes/Camera/SM_RailRig_Mount.uasset" 143
"../../../Engine/Content/EditorMeshes/Camera/SM_RailRig_Track.uasset" 144
"../../../Engine/Content/EditorResources/BSPVertex.uasset" 145
"../../../Engine/Content/EditorResources/EmptyActor.uasset" 146
"../../../Engine/Content/EditorResources/S_Actor.uasset" 147
"../../../Engine/Content/EditorResources/S_Note.uasset" 148
"../../../Engine/Content/EditorResources/S_Trigger.uasset" 149
"../../../Engine/Content/EditorResources/AudioIcons/S_AudioComponent.uasset" 150
"../../../Engine/Content/EditorResources/AudioIcons/S_AudioComponent_AutoActivate.uasset" 151
"../../../Engine/Content/EditorResources/LightIcons/S_LightError.uasset" 152
"../../../Engine/Content/EditorResources/SequenceRecorder/Countdown.uasset" 153
"../../../Engine/Content/EditorResources/SequenceRecorder/RecordingIndicator.uasset" 154
"../../../Engine/Content/EditorSounds/Notifications/CompileFailed.uasset" 155
"../../../Engine/Content/EditorSounds/Notifications/CompileFailed_Cue.uasset" 156
"../../../Engine/Content/EditorSounds/Notifications/CompileSuccess.uasset" 157
"../../../Engine/Content/EditorSounds/Notifications/CompileStart_Cue.uasset" 158
"../../../Engine/Content/EditorSounds/Notifications/CompileSuccess_Cue.uasset" 159
"../../../Engine/Content/EngineDamageTypes/DmgTypeBP_Environmental.uasset" 160
"../../../Engine/Content/EngineDebugMaterials/HeatmapGradient.uasset" 161
"../../../Engine/Content/EngineDebugMaterials/BoneWeightMaterial.uasset" 162
"../../../Engine/Content/EngineDebugMaterials/ClothMaterial.uasset" 163
"../../../Engine/Content/EngineDebugMaterials/ClothMaterial_WF.uasset" 164
"../../../Engine/Content/EngineDebugMaterials/DebugEditorMaterial.uasset" 165
"../../../Engine/Content/EngineDebugMaterials/DebugMeshMaterial.uasset" 166
"../../../Engine/Content/EngineDebugMaterials/GeomMaterial.uasset" 167
"../../../Engine/Content/EngineDebugMaterials/M_SimpleTranslucent.uasset" 168
"../../../Engine/Content/EngineFonts/Faces/RobotoBold.uasset" 169
"../../../Engine/Content/EngineFonts/Faces/RobotoBoldItalic.uasset" 170
"../../../Engine/Content/EngineFonts/Faces/RobotoItalic.uasset" 171
"../../../Engine/Content/EngineFonts/Faces/RobotoLight.uasset" 172
"../../../Engine/Content/EngineFonts/Faces/RobotoRegular.uasset" 173
"../../../Engine/Content/EngineFonts/Roboto.uasset" 174
"../../../Engine/Content/EngineFonts/Faces/RobotoTiny.uasset" 175
"../../../Engine/Content/EngineFonts/RobotoTiny.uasset" 176
"../../../Engine/Content/EngineMaterials/BaseFlattenDiffuseMap.uasset" 177
"../../../Engine/Content/EngineMaterials/BaseFlattenEmissiveMap.uasset" 178
"../../../Engine/Content/EngineMaterials/BaseFlattenGrayscaleMap.uasset" 179
"../../../Engine/Content/EngineMaterials/BaseFlattenNormalMap.uasset" 180
"../../../Engine/Content/EngineMaterials/BaseFlattenMaterial.uasset" 181
"../../../Engine/Content/EngineMaterials/DefaultBloomKernel.uasset" 182
"../../../Engine/Content/EngineMaterials/DefaultBokeh.uasset" 183
"../../../Engine/Content/EngineMaterials/DefaultDiffuse.uasset" 184
"../../../Engine/Content/EngineMaterials/DefaultDeferredDecalMaterial.uasset" 185
"../../../Engine/Content/EngineMaterials/DefaultLightFunctionMaterial.uasset" 186
"../../../Engine/Content/Functions/Engine_MaterialFunctions02/Utility/BreakOutFloat2Components.uasset" 187
"../../../Engine/Content/EngineMaterials/DefaultPostProcessMaterial.uasset" 188
"../../../Engine/Content/EngineFonts/RobotoDistanceField.uasset" 189
"../../../Engine/Content/EngineMaterials/DefaultTextMaterialOpaque.uasset" 190
"../../../Engine/Content/EngineMaterials/DefaultWhiteGrid.uasset" 191
"../../../Engine/Content/EngineMaterials/EditorBrushMaterial.uasset" 192
"../../../Engine/Content/EngineMaterials/Good64x64TilingNoiseHighFreq.uasset" 193
"../../../Engine/Content/EngineMaterials/MiniFont.uasset" 194
"../../../Engine/Content/EngineMaterials/InvalidLightmapSettings.uasset" 195
"../../../Engine/Content/EngineMaterials/M_InvalidLightmapSettings.uasset" 196
"../../../Engine/Content/Functions/Engine_MaterialFunctions02/WorldPositionOffset/CameraOffset.uasset" 197
"../../../Engine/Content/EngineMaterials/PhAT_JointLimitMaterial.uasset" 198
"../../../Engine/Content/EngineMaterials/PreintegratedSkinBRDF.uasset" 199
"../../../Engine/Content/EngineMaterials/RemoveSurfaceMaterial.uasset" 200
"../../../Engine/Content/EngineMaterials/WeightMapPlaceholderTexture.uasset" 201
"../../../Engine/Content/EngineResources/WhiteSquareTexture.uasset" 202
"../../../Engine/Content/EngineMaterials/Widget3DPassThrough.uasset" 203
"../../../Engine/Content/EngineMaterials/Widget3DPassThrough_Masked.uasset" 204
"../../../Engine/Content/EngineMaterials/Widget3DPassThrough_Opaque.uasset" 205
"../../../Engine/Content/EngineMaterials/Widget3DPassThrough_Masked_OneSided.uasset" 206
"../../../Engine/Content/EngineMaterials/Widget3DPassThrough_Opaque_OneSided.uasset" 207
"../../../Engine/Content/EngineMaterials/Widget3DPassThrough_Translucent.uasset" 208
"../../../Engine/Content/EngineMaterials/Widget3DPassThrough_Translucent_OneSided.uasset" 209
"../../../Engine/Content/EngineMeshes/Cylinder.uasset" 210
"../../../Engine/Content/EngineMeshes/Sphere.uasset" 211
"../../../Engine/Content/EngineResources/Black.uasset" 212
"../../../Engine/Content/EngineResources/DefaultTexture.uasset" 213
"../../../Engine/Content/EngineResources/DefaultTextureCube.uasset" 214
"../../../Engine/Content/EngineResources/DefaultVolumeTexture2D.uasset" 215
"../../../Engine/Content/EngineResources/DefaultVolumeTexture.uasset" 216
"../../../Engine/Content/EngineResources/GradientTexture0.uasset" 217
"../../../Engine/Content/EngineSounds/Master.uasset" 218
"../../../Engine/Content/Functions/Engine_MaterialFunctions01/Shading/ConvertFromDiffSpec.uasset" 219
"../../../Engine/Content/Functions/Engine_MaterialFunctions01/Shading/PowerToRoughness.uasset" 220
"../../../Engine/Content/Maps/Templates/Thumbnails/Default.uasset" 221
"../../../Engine/Content/Maps/Templates/Thumbnails/VR-Basic.uasset" 222
"../../../Engine/Content/MobileResources/T_MobileControls_texture.uasset" 223
"../../../Engine/Content/MobileResources/T_MobileMenu2.uasset" 224
"../../../Engine/Content/MobileResources/HUD/AnalogHat.uasset" 225
"../../../Engine/Content/MobileResources/HUD/VirtualJoystick_Background.uasset" 226
"../../../Engine/Content/MobileResources/HUD/VirtualJoystick_Thumb.uasset" 227
"../../../Engine/Content/MobileResources/HUD/DefaultVirtualJoysticks.uasset" 228
"../../../Engine/Content/MobileResources/HUD/LeftVirtualJoystickOnly.uasset" 229
"../../../Engine/Content/MobileResources/HUD/MobileHUDButton1_off.uasset" 230
"../../../Engine/Content/MobileResources/HUD/MobileHUDButton1_on.uasset" 231
"../../../Engine/Content/MobileResources/HUD/MobileHUDButton2_off.uasset" 232
"../../../Engine/Content/MobileResources/HUD/MobileHUDButton2_on.uasset" 233
"../../../Engine/Content/MobileResources/HUD/MobileHUDButton3.uasset" 234
"../../../Engine/Content/MobileResources/HUD/MobileHUDButtonFire.uasset" 235
"../../../Engine/Content/MobileResources/HUD/MobileHUDDirectionPad.uasset" 236
"../../../Engine/Content/MobileResources/HUD/MobileHUDDirectionPad2.uasset" 237
"../../../Engine/Content/MobileResources/HUD/MobileHUDDirectionPad3.uasset" 238
"../../../Engine/Content/MobileResources/HUD/MobileHUDDirectionStick.uasset" 239
"../../../Engine/Content/MobileResources/HUD/T_Castle_ThumbstickInner.uasset" 240
"../../../Engine/Content/MobileResources/HUD/T_Castle_ThumbstickOutter.uasset" 241
"../../../Engine/Content/Tutorial/ContentIntroCurve.uasset" 242
"../../../Engine/Content/Tutorial/Basics/LevelEditorAttract.uasset" 243
"../../../Engine/Content/Tutorial/Basics/TutorialAssets/icon_tab_Levels_40x.uasset" 244
"../../../Engine/Content/Tutorial/Basics/LevelEditorOverview.uasset" 245
"../../../Engine/Content/VREditor/LaserPointer/VR_LaserPower_01.uasset" 246
"../../../Engine/Content/VREditor/TransformGizmo/TransformGizmoMaterial.uasset" 247
"../../../Engine/Content/VREditor/TransformGizmo/TranslucentTransformGizmoMaterial.uasset" 248
"../../../Engine/Content/VREditor/TransformGizmo/BoundingBoxCorner.uasset" 249
"../../../Engine/Content/VREditor/TransformGizmo/BoundingBoxEdge.uasset" 250
"../../../Engine/Content/VREditor/TransformGizmo/PlaneTranslationHandle.uasset" 251
"../../../Engine/Content/VREditor/TransformGizmo/Main.uasset" 252
"../../../Engine/Content/VREditor/TransformGizmo/Xray.uasset" 253
"../../../Engine/Content/VREditor/TransformGizmo/SM_Sequencer_Key.uasset" 254
"../../../Engine/Content/VREditor/TransformGizmo/SM_Sequencer_Node.uasset" 255
"../../Plugins/2D/Paper2D/Content/PlaceholderTextures/DummySpriteTexture.uasset" 256
"../../Plugins/2D/Paper2D/Content/DummySprite.uasset" 257
"../../Plugins/2D/Paper2D/Content/DefaultPaperTerrainMaterial.uasset" 258
"../../Plugins/2D/Paper2D/Content/DummySpriteTexture.uasset" 259
"../../Plugins/2D/Paper2D/Content/DefaultSpriteMaterial.uasset" 260
"../../Plugins/2D/Paper2D/Content/MaskedUnlitSpriteMaterial.uasset" 261
"../../Plugins/2D/Paper2D/Content/OpaqueUnlitSpriteMaterial.uasset" 262
"../../Plugins/Runtime/Oculus/OculusVR/Content/OculusMR_RenderTarget.uasset" 263
"../../../Engine/Content/Functions/Engine_MaterialFunctions02/Utility/BreakOutFloat4Components.uasset" 264
"../../../Engine/Content/Functions/Engine_MaterialFunctions02/Utility/MakeFloat2.uasset" 265
"../../../Engine/Content/Functions/Engine_MaterialFunctions02/Utility/MakeFloat3.uasset" 266
"../../Plugins/Runtime/Oculus/OculusVR/Content/Materials/OculusMR_ChromaKey.uasset" 267
"../../Plugins/Runtime/Oculus/OculusVR/Content/Materials/OculusMR_ChromaKey_Lit.uasset" 268
"../../Plugins/Runtime/Oculus/OculusVR/Content/Materials/OculusMR_OpaqueColoredMaterial.uasset" 269
"../../Plugins/Runtime/Oculus/OculusVR/Content/Materials/OculusMR_WhiteMaterial.uasset" 270
"../../Plugins/Runtime/Oculus/OculusVR/Content/Materials/PokeAHoleMaterial.uasset" 271
"../../Plugins/Runtime/Oculus/OculusVR/Content/Textures/GearVRController_AO.uasset" 272
"../../Plugins/Runtime/Oculus/OculusVR/Content/Textures/GearVRController_Color.uasset" 273
"../../Plugins/Runtime/Oculus/OculusVR/Content/Textures/GearVRController_Normal.uasset" 274
"../../Plugins/Runtime/Oculus/OculusVR/Content/Materials/GearVRControllerMaterial.uasset" 275
"../../Plugins/Runtime/Oculus/OculusVR/Content/Meshes/GearVrController.uasset" 276
"../../Plugins/Runtime/Oculus/OculusVR/Content/Textures/touchController_albedo.uasset" 277
"../../Plugins/Runtime/Oculus/OculusVR/Content/Textures/touchController_controlmap.uasset" 278
"../../Plugins/Runtime/Oculus/OculusVR/Content/Materials/touchController_mat.uasset" 279
"../../Plugins/Runtime/Oculus/OculusVR/Content/Meshes/LeftTouchController.uasset" 280
"../../Plugins/Runtime/Oculus/OculusVR/Content/Meshes/RiftHMD.uasset" 281
"../../Plugins/Runtime/Oculus/OculusVR/Content/Meshes/RightTouchController.uasset" 282
"../../../Engine/Content/EditorBlueprintResources/StandardMacros.uasset" 283
"../../../Engine/Content/EngineSky/C_Sky_Cloud_Color.uasset" 284
"../../../Engine/Content/EngineSky/C_Sky_Horizon_Color.uasset" 285
"../../../Engine/Content/EngineSky/C_Sky_Zenith_Color.uasset" 286
"../../../Engine/Content/EngineSky/T_Sky_Blue.uasset" 287
"../../../Engine/Content/EngineSky/T_Sky_Clouds_M.uasset" 288
"../../../Engine/Content/EngineSky/T_Sky_Stars.uasset" 289
"../../../Engine/Content/EngineSky/M_Sky_Panning_Clouds2.uasset" 290
"../../../Engine/Content/EngineSky/SM_SkySphere.uasset" 291
"../../../Engine/Content/EngineSky/BP_Sky_Sphere.uasset" 292
"../../../../../../Unreal/BattleTank/UnrealCourseBT/BattleTank/Content/Blueprints/UI/PlayerUI.uasset" 293
"../../../../../../Unreal/BattleTank/UnrealCourseBT/BattleTank/Content/Blueprints/PlayerControler_BP.uasset" 294
"../../../../../../Unreal/BattleTank/UnrealCourseBT/BattleTank/Content/Tank/01_-_Default.uasset" 295
"../../../../../../Unreal/BattleTank/UnrealCourseBT/BattleTank/Content/Tank/tank_fbx_Body.uasset" 296
"../../../../../../Unreal/BattleTank/UnrealCourseBT/BattleTank/Content/Tank/track_001.uasset" 297
"../../../../../../Unreal/BattleTank/UnrealCourseBT/BattleTank/Content/Tank/tank_fbx_Track_track_001.uasset" 298
"../../../../../../Unreal/BattleTank/UnrealCourseBT/BattleTank/Content/Tank/tank_fbx_Body_wheel.uasset" 299
"../../../../../../Unreal/BattleTank/UnrealCourseBT/BattleTank/Content/Tank/tank_fbx_Track.uasset" 300
"../../../../../../Unreal/BattleTank/UnrealCourseBT/BattleTank/Content/Tank/tank_fbx_Turret.uasset" 301
"../../../../../../Unreal/BattleTank/UnrealCourseBT/BattleTank/Content/Tank/Tank_BP.uasset" 302
"../../../../../../Unreal/BattleTank/UnrealCourseBT/BattleTank/Content/Blueprints/BattleTank_BP.uasset" 303
"../../../../../../Unreal/BattleTank/UnrealCourseBT/BattleTank/Content/BattleMap_sharedassets/Dirt_LayerInfo.uasset" 304
"../../../../../../Unreal/BattleTank/UnrealCourseBT/BattleTank/Content/BattleMap_sharedassets/Grass_LayerInfo.uasset" 305
"../../../../../../Unreal/BattleTank/UnrealCourseBT/BattleTank/Content/BattleMap_sharedassets/Sow_LayerInfo.uasset" 306
"../../../../../../Unreal/BattleTank/UnrealCourseBT/BattleTank/Content/BattleMap_BuiltData.uasset" 307
"../../../../../../Unreal/BattleTank/UnrealCourseBT/BattleTank/Content/StarterContent/Textures/T_Frame_M.uasset" 308
"../../../../../../Unreal/BattleTank/UnrealCourseBT/BattleTank/Content/StarterContent/Textures/T_Ground_Grass_D.uasset" 309
"../../../../../../Unreal/BattleTank/UnrealCourseBT/BattleTank/Content/StarterContent/Textures/T_Ground_Gravel_D.uasset" 310
"../../../../../../Unreal/BattleTank/UnrealCourseBT/BattleTank/Content/Landscape.uasset" 311
"../../../../../../Unreal/BattleTank/UnrealCourseBT/BattleTank/Content/StarterContent/Textures/T_MacroVariation.uasset" 312
"../../../../../../Unreal/BattleTank/UnrealCourseBT/BattleTank/Content/StarterContent/Textures/T_Metal_Aluminum_D.uasset" 313
"../../../../../../Unreal/BattleTank/UnrealCourseBT/BattleTank/Content/StarterContent/Textures/T_Metal_Gold_N.uasset" 314
"../../../../../../Unreal/BattleTank/UnrealCourseBT/BattleTank/Content/StarterContent/Materials/M_Metal_Burnished_Steel.uasset" 315
"../../../../../../Unreal/BattleTank/UnrealCourseBT/BattleTank/Content/StarterContent/Textures/T_Statue_M.uasset" 316
"../../../../../../Unreal/BattleTank/UnrealCourseBT/BattleTank/Content/StarterContent/Textures/T_Statue_N.uasset" 317
"../../../../../../Unreal/BattleTank/UnrealCourseBT/BattleTank/Content/StarterContent/Props/Materials/M_StatueGlass.uasset" 318
"../../../Engine/Content/EngineMaterials/DefaultPhysicalMaterial.uasset" 319
"../../../../../../Unreal/BattleTank/UnrealCourseBT/BattleTank/Content/StarterContent/Audio/Starter_Background_Cue.uasset" 320
"../../../../../../Unreal/BattleTank/UnrealCourseBT/BattleTank/Content/StarterContent/Props/Materials/M_Statue.uasset" 321
"../../../../../../Unreal/BattleTank/UnrealCourseBT/BattleTank/Content/StarterContent/Props/SM_Statue.uasset" 322
"../../../../../../Unreal/BattleTank/UnrealCourseBT/BattleTank/Content/BattleMap.umap" 323
"../../../../../../Unreal/BattleTank/UnrealCourseBT/BattleTank/Content/MainMenu.umap" 324
"../../../../../../Unreal/BattleTank/UnrealCourseBT/BattleTank/Content/StarterContent/Blueprints/Assets/FogBrightnessLUT.uasset" 325
"../../../../../../Unreal/BattleTank/UnrealCourseBT/BattleTank/Content/StarterContent/Blueprints/Assets/SunlightColorLUT.uasset" 326
"../../../../../../Unreal/BattleTank/UnrealCourseBT/BattleTank/Content/StarterContent/Blueprints/Assets/M_LightStage_Arrows.uasset" 327
"../../../Engine/Content/MapTemplates/Sky/DaylightAmbientCubemap.uasset" 328
"../../../../../../Unreal/BattleTank/UnrealCourseBT/BattleTank/Content/StarterContent/Blueprints/Assets/M_LightStage_Skybox_Master.uasset" 329
"../../../../../../Unreal/BattleTank/UnrealCourseBT/BattleTank/Content/StarterContent/Blueprints/Assets/M_LightStage_Skybox_Black.uasset" 330
"../../../../../../Unreal/BattleTank/UnrealCourseBT/BattleTank/Content/StarterContent/Blueprints/Assets/M_LightStage_Skybox_HDRI.uasset" 331
"../../../Engine/Content/EditorMaterials/Thumbnails/SkySphereMaterial.uasset" 332
"../../../../../../Unreal/BattleTank/UnrealCourseBT/BattleTank/Content/StarterContent/Blueprints/Assets/Skybox.uasset" 333
"../../../../../../Unreal/BattleTank/UnrealCourseBT/BattleTank/Content/StarterContent/Blueprints/Assets/SM_Arrows.uasset" 334
"../../../../../../Unreal/BattleTank/UnrealCourseBT/BattleTank/Content/StarterContent/HDRI/HDRI_Epic_Courtyard_Daylight.uasset" 335
"../../../../../../Unreal/BattleTank/UnrealCourseBT/BattleTank/Content/StarterContent/Blueprints/BP_LightStudio.uasset" 336
"../../../../../../Unreal/BattleTank/UnrealCourseBT/BattleTank/Content/StarterContent/Maps/Advanced_Lighting_BuiltData.uasset" 337
"../../../../../../Unreal/BattleTank/UnrealCourseBT/BattleTank/Content/StarterContent/Materials/M_AssetPlatform.uasset" 338
"../../../Engine/Content/EditorMeshes/ColorCalibrator/M_ChromeBall.uasset" 339
"../../../Engine/Content/EditorMeshes/ColorCalibrator/M_ClearCoat.uasset" 340
"../../../Engine/Content/EditorMeshes/ColorCalibrator/M_ClearCoatBlack.uasset" 341
"../../../Engine/Content/EditorMeshes/ColorCalibrator/Color_checker.uasset" 342
"../../../Engine/Content/EditorMeshes/ColorCalibrator/M_ColorGrid.uasset" 343
"../../../Engine/Content/EditorMeshes/ColorCalibrator/M_GreyBall.uasset" 344
"../../../Engine/Content/EditorMeshes/ColorCalibrator/SM_ColorCalibrator.uasset" 345
"../../../../../../Unreal/BattleTank/UnrealCourseBT/BattleTank/Content/StarterContent/Architecture/SM_AssetPlatform.uasset" 346
"../../../../../../Unreal/BattleTank/UnrealCourseBT/BattleTank/Content/StarterContent/Maps/Advanced_Lighting.umap" 347
"../../../../../../Unreal/BattleTank/UnrealCourseBT/BattleTank/Content/StarterContent/Maps/Minimal_Default_BuiltData.uasset" 348
"../../../../../../Unreal/BattleTank/UnrealCourseBT/BattleTank/Content/StarterContent/Materials/M_Metal_Brushed_Nickel.uasset" 349
"../../../../../../Unreal/BattleTank/UnrealCourseBT/BattleTank/Content/StarterContent/Textures/T_Metal_Copper_D.uasset" 350
"../../../../../../Unreal/BattleTank/UnrealCourseBT/BattleTank/Content/StarterContent/Materials/M_Metal_Copper.uasset" 351
"../../../../../../Unreal/BattleTank/UnrealCourseBT/BattleTank/Content/StarterContent/Architecture/Floor_400x400.uasset" 352
"../../../../../../Unreal/BattleTank/UnrealCourseBT/BattleTank/Content/StarterContent/Props/SM_Chair.uasset" 353
"../../../../../../Unreal/BattleTank/UnrealCourseBT/BattleTank/Content/StarterContent/Textures/T_TableRound_M.uasset" 354
"../../../../../../Unreal/BattleTank/UnrealCourseBT/BattleTank/Content/StarterContent/Textures/T_TableRound_N.uasset" 355
"../../../../../../Unreal/BattleTank/UnrealCourseBT/BattleTank/Content/StarterContent/Props/Materials/M_TableRound.uasset" 356
"../../../../../../Unreal/BattleTank/UnrealCourseBT/BattleTank/Content/StarterContent/Props/SM_TableRound.uasset" 357
"../../../../../../Unreal/BattleTank/UnrealCourseBT/BattleTank/Content/StarterContent/Maps/Minimal_Default.umap" 358
"../../../../../../Unreal/BattleTank/UnrealCourseBT/BattleTank/Content/StarterContent/Audio/Fire01_Cue.uasset" 359
"../../../../../../Unreal/BattleTank/UnrealCourseBT/BattleTank/Content/StarterContent/Textures/T_Fire_SubUV.uasset" 360
"../../../../../../Unreal/BattleTank/UnrealCourseBT/BattleTank/Content/StarterContent/Textures/T_Fire_Tiled_D.uasset" 361
"../../../../../../Unreal/BattleTank/UnrealCourseBT/BattleTank/Content/StarterContent/Particles/Materials/M_Fire_SubUV.uasset" 362
"../../../../../../Unreal/BattleTank/UnrealCourseBT/BattleTank/Content/StarterContent/Textures/T_Water_N.uasset" 363
"../../../../../../Unreal/BattleTank/UnrealCourseBT/BattleTank/Content/StarterContent/Particles/Materials/M_Heat_Distortion.uasset" 364
"../../../../../../Unreal/BattleTank/UnrealCourseBT/BattleTank/Content/StarterContent/Particles/Materials/M_Radial_Gradient.uasset" 365
"../../../../../../Unreal/BattleTank/UnrealCourseBT/BattleTank/Content/StarterContent/Particles/P_Fire.uasset" 366
"../../../../../../Unreal/BattleTank/UnrealCourseBT/BattleTank/Content/StarterContent/Blueprints/Blueprint_Effect_Fire.uasset" 367
"../../../../../../Unreal/BattleTank/UnrealCourseBT/BattleTank/Content/StarterContent/Audio/Smoke01_Cue.uasset" 368
"../../../../../../Unreal/BattleTank/UnrealCourseBT/BattleTank/Content/StarterContent/Particles/P_Smoke.uasset" 369
"../../../../../../Unreal/BattleTank/UnrealCourseBT/BattleTank/Content/StarterContent/Blueprints/Blueprint_Effect_Smoke.uasset" 370
"../../../../../../Unreal/BattleTank/UnrealCourseBT/BattleTank/Content/StarterContent/Audio/Fire_Sparks01_Cue.uasset" 371
"../../../../../../Unreal/BattleTank/UnrealCourseBT/BattleTank/Content/StarterContent/Textures/T_Spark_Core.uasset" 372
"../../../../../../Unreal/BattleTank/UnrealCourseBT/BattleTank/Content/StarterContent/Particles/Materials/M_Spark.uasset" 373
"../../../../../../Unreal/BattleTank/UnrealCourseBT/BattleTank/Content/StarterContent/Particles/P_Sparks.uasset" 374
"../../../../../../Unreal/BattleTank/UnrealCourseBT/BattleTank/Content/StarterContent/Blueprints/Blueprint_Effect_Sparks.uasset" 375
"../../../../../../Unreal/BattleTank/UnrealCourseBT/BattleTank/Content/StarterContent/Audio/Steam01_Cue.uasset" 376
"../../../../../../Unreal/BattleTank/UnrealCourseBT/BattleTank/Content/StarterContent/Particles/P_Steam_Lit.uasset" 377
"../../../../../../Unreal/BattleTank/UnrealCourseBT/BattleTank/Content/StarterContent/Blueprints/Blueprint_Effect_Steam.uasset" 378
"../../../../../../Unreal/BattleTank/UnrealCourseBT/BattleTank/Content/StarterContent/Textures/T_Lamp_M.uasset" 379
"../../../../../../Unreal/BattleTank/UnrealCourseBT/BattleTank/Content/StarterContent/Textures/T_Lamp_N.uasset" 380
"../../../../../../Unreal/BattleTank/UnrealCourseBT/BattleTank/Content/StarterContent/Props/Materials/M_Lamp.uasset" 381
"../../../../../../Unreal/BattleTank/UnrealCourseBT/BattleTank/Content/StarterContent/Props/SM_Lamp_Ceiling.uasset" 382
"../../../../../../Unreal/BattleTank/UnrealCourseBT/BattleTank/Content/StarterContent/Blueprints/Blueprint_CeilingLight.uasset" 383
"../../../../../../Unreal/BattleTank/UnrealCourseBT/BattleTank/Content/StarterContent/Props/SM_Lamp_Wall.uasset" 384
"../../../../../../Unreal/BattleTank/UnrealCourseBT/BattleTank/Content/StarterContent/Blueprints/Blueprint_WallSconce.uasset" 385
"../../../../../../Unreal/BattleTank/UnrealCourseBT/BattleTank/Content/StarterContent/Maps/StarterMap_BuiltData.uasset" 386
"../../../Engine/Content/Functions/Engine_MaterialFunctions03/Procedurals/ComputeFilterWidth.uasset" 387
"../../../Engine/Content/EngineMaterials/AntiAliasedTextMaterialTranslucent.uasset" 388
"../../../../../../Unreal/BattleTank/UnrealCourseBT/BattleTank/Content/StarterContent/Textures/T_Brick_Clay_Beveled_D.uasset" 389
"../../../../../../Unreal/BattleTank/UnrealCourseBT/BattleTank/Content/StarterContent/Textures/T_Brick_Clay_Beveled_M.uasset" 390
"../../../../../../Unreal/BattleTank/UnrealCourseBT/BattleTank/Content/StarterContent/Textures/T_Brick_Clay_Beveled_N.uasset" 391
"../../../../../../Unreal/BattleTank/UnrealCourseBT/BattleTank/Content/StarterContent/Materials/M_Brick_Clay_Beveled.uasset" 392
"../../../../../../Unreal/BattleTank/UnrealCourseBT/BattleTank/Content/StarterContent/Textures/T_Brick_Clay_New_D.uasset" 393
"../../../../../../Unreal/BattleTank/UnrealCourseBT/BattleTank/Content/StarterContent/Textures/T_Brick_Clay_New_M.uasset" 394
"../../../../../../Unreal/BattleTank/UnrealCourseBT/BattleTank/Content/StarterContent/Textures/T_Brick_Clay_New_N.uasset" 395
"../../../../../../Unreal/BattleTank/UnrealCourseBT/BattleTank/Content/StarterContent/Materials/M_Brick_Clay_New.uasset" 396
"../../../../../../Unreal/BattleTank/UnrealCourseBT/BattleTank/Content/StarterContent/Textures/T_Brick_Clay_Old_D.uasset" 397
"../../../../../../Unreal/BattleTank/UnrealCourseBT/BattleTank/Content/StarterContent/Textures/T_Brick_Clay_Old_N.uasset" 398
"../../../../../../Unreal/BattleTank/UnrealCourseBT/BattleTank/Content/StarterContent/Textures/T_Perlin_Noise_M.uasset" 399
"../../../../../../Unreal/BattleTank/UnrealCourseBT/BattleTank/Content/StarterContent/Materials/M_Brick_Clay_Old.uasset" 400
"../../../../../../Unreal/BattleTank/UnrealCourseBT/BattleTank/Content/StarterContent/Textures/T_Brick_Cut_Stone_D.uasset" 401
"../../../../../../Unreal/BattleTank/UnrealCourseBT/BattleTank/Content/StarterContent/Textures/T_Brick_Cut_Stone_N.uasset" 402
"../../../../../../Unreal/BattleTank/UnrealCourseBT/BattleTank/Content/StarterContent/Materials/M_Brick_Cut_Stone.uasset" 403
"../../../../../../Unreal/BattleTank/UnrealCourseBT/BattleTank/Content/StarterContent/Textures/T_Brick_Hewn_Stone_D.uasset" 404
"../../../../../../Unreal/BattleTank/UnrealCourseBT/BattleTank/Content/StarterContent/Textures/T_Brick_Hewn_Stone_M.uasset" 405
"../../../../../../Unreal/BattleTank/UnrealCourseBT/BattleTank/Content/StarterContent/Textures/T_Brick_Hewn_Stone_N.uasset" 406
"../../../../../../Unreal/BattleTank/UnrealCourseBT/BattleTank/Content/StarterContent/Materials/M_Brick_Hewn_Stone.uasset" 407
"../../../../../../Unreal/BattleTank/UnrealCourseBT/BattleTank/Content/StarterContent/Textures/T_Ceramic_Tile_M.uasset" 408
"../../../../../../Unreal/BattleTank/UnrealCourseBT/BattleTank/Content/StarterContent/Textures/T_Ceramic_Tile_N.uasset" 409
"../../../../../../Unreal/BattleTank/UnrealCourseBT/BattleTank/Content/StarterContent/Textures/T_Rock_Marble_Polished_D.uasset" 410
"../../../../../../Unreal/BattleTank/UnrealCourseBT/BattleTank/Content/StarterContent/Materials/M_Ceramic_Tile_Checker.uasset" 411
"../../../../../../Unreal/BattleTank/UnrealCourseBT/BattleTank/Content/StarterContent/Textures/T_CobbleStone_Pebble_D.uasset" 412
"../../../../../../Unreal/BattleTank/UnrealCourseBT/BattleTank/Content/StarterContent/Textures/T_CobbleStone_Pebble_M.uasset" 413
"../../../../../../Unreal/BattleTank/UnrealCourseBT/BattleTank/Content/StarterContent/Textures/T_CobbleStone_Pebble_N.uasset" 414
"../../../../../../Unreal/BattleTank/UnrealCourseBT/BattleTank/Content/StarterContent/Materials/M_CobbleStone_Pebble.uasset" 415
"../../../../../../Unreal/BattleTank/UnrealCourseBT/BattleTank/Content/StarterContent/Textures/T_CobbleStone_Rough_D.uasset" 416
"../../../../../../Unreal/BattleTank/UnrealCourseBT/BattleTank/Content/StarterContent/Textures/T_CobbleStone_Rough_N.uasset" 417
"../../../../../../Unreal/BattleTank/UnrealCourseBT/BattleTank/Content/StarterContent/Textures/T_Gradinet_01.uasset" 418
"../../../../../../Unreal/BattleTank/UnrealCourseBT/BattleTank/Content/StarterContent/Textures/T_Rock_Smooth_Granite_D.uasset" 419
"../../../../../../Unreal/BattleTank/UnrealCourseBT/BattleTank/Content/StarterContent/Materials/M_CobbleStone_Rough.uasset" 420
"../../../../../../Unreal/BattleTank/UnrealCourseBT/BattleTank/Content/StarterContent/Textures/T_CobbleStone_Smooth_D.uasset" 421
"../../../../../../Unreal/BattleTank/UnrealCourseBT/BattleTank/Content/StarterContent/Textures/T_CobbleStone_Smooth_M.uasset" 422
"../../../../../../Unreal/BattleTank/UnrealCourseBT/BattleTank/Content/StarterContent/Textures/T_CobbleStone_Smooth_N.uasset" 423
"../../../../../../Unreal/BattleTank/UnrealCourseBT/BattleTank/Content/StarterContent/Materials/M_CobbleStone_Smooth.uasset" 424
"../../../../../../Unreal/BattleTank/UnrealCourseBT/BattleTank/Content/StarterContent/Textures/T_Concrete_Grime_D.uasset" 425
"../../../../../../Unreal/BattleTank/UnrealCourseBT/BattleTank/Content/StarterContent/Textures/T_Metal_Rust_N.uasset" 426
"../../../../../../Unreal/BattleTank/UnrealCourseBT/BattleTank/Content/StarterContent/Materials/M_Concrete_Grime.uasset" 427
"../../../../../../Unreal/BattleTank/UnrealCourseBT/BattleTank/Content/StarterContent/Textures/T_Concrete_Panels_D.uasset" 428
"../../../../../../Unreal/BattleTank/UnrealCourseBT/BattleTank/Content/StarterContent/Textures/T_Concrete_Panels_N.uasset" 429
"../../../../../../Unreal/BattleTank/UnrealCourseBT/BattleTank/Content/StarterContent/Materials/M_Concrete_Panels.uasset" 430
"../../../../../../Unreal/BattleTank/UnrealCourseBT/BattleTank/Content/StarterContent/Textures/T_Concrete_Poured_D.uasset" 431
"../../../../../../Unreal/BattleTank/UnrealCourseBT/BattleTank/Content/StarterContent/Textures/T_Concrete_Poured_N.uasset" 432
"../../../../../../Unreal/BattleTank/UnrealCourseBT/BattleTank/Content/StarterContent/Materials/M_Concrete_Poured.uasset" 433
"../../../../../../Unreal/BattleTank/UnrealCourseBT/BattleTank/Content/StarterContent/Textures/T_Concrete_Tiles_D.uasset" 434
"../../../../../../Unreal/BattleTank/UnrealCourseBT/BattleTank/Content/StarterContent/Textures/T_Concrete_Tiles_M.uasset" 435
"../../../../../../Unreal/BattleTank/UnrealCourseBT/BattleTank/Content/StarterContent/Textures/T_Concrete_Tiles_N.uasset" 436
"../../../../../../Unreal/BattleTank/UnrealCourseBT/BattleTank/Content/StarterContent/Textures/T_Concrete_Tiles_Variation_M.uasset" 437
"../../../../../../Unreal/BattleTank/UnrealCourseBT/BattleTank/Content/StarterContent/Materials/M_Concrete_Tiles.uasset" 438
"../../../../../../Unreal/BattleTank/UnrealCourseBT/BattleTank/Content/StarterContent/Textures/T_Ground_Grass_N.uasset" 439
"../../../../../../Unreal/BattleTank/UnrealCourseBT/BattleTank/Content/StarterContent/Materials/M_Ground_Grass.uasset" 440
"../../../../../../Unreal/BattleTank/UnrealCourseBT/BattleTank/Content/StarterContent/Textures/T_Ground_Gravel_N.uasset" 441
"../../../../../../Unreal/BattleTank/UnrealCourseBT/BattleTank/Content/StarterContent/Materials/M_Ground_Gravel.uasset" 442
"../../../../../../Unreal/BattleTank/UnrealCourseBT/BattleTank/Content/StarterContent/Textures/T_ground_Moss_D.uasset" 443
"../../../../../../Unreal/BattleTank/UnrealCourseBT/BattleTank/Content/StarterContent/Textures/T_Ground_Moss_N.uasset" 444
"../../../../../../Unreal/BattleTank/UnrealCourseBT/BattleTank/Content/StarterContent/Materials/M_Ground_Moss.uasset" 445
"../../../../../../Unreal/BattleTank/UnrealCourseBT/BattleTank/Content/StarterContent/Materials/M_Metal_Chrome.uasset" 446
"../../../../../../Unreal/BattleTank/UnrealCourseBT/BattleTank/Content/StarterContent/Textures/T_Metal_Gold_D.uasset" 447
"../../../../../../Unreal/BattleTank/UnrealCourseBT/BattleTank/Content/StarterContent/Materials/M_Metal_Gold.uasset" 448
"../../../../../../Unreal/BattleTank/UnrealCourseBT/BattleTank/Content/StarterContent/Textures/T_Metal_Rust_D.uasset" 449
"../../../../../../Unreal/BattleTank/UnrealCourseBT/BattleTank/Content/StarterContent/Materials/M_Metal_Rust.uasset" 450
"../../../../../../Unreal/BattleTank/UnrealCourseBT/BattleTank/Content/StarterContent/Textures/T_Metal_Steel_D.uasset" 451
"../../../../../../Unreal/BattleTank/UnrealCourseBT/BattleTank/Content/StarterContent/Textures/T_Metal_Steel_N.uasset" 452
"../../../../../../Unreal/BattleTank/UnrealCourseBT/BattleTank/Content/StarterContent/Materials/M_Metal_Steel.uasset" 453
"../../../../../../Unreal/BattleTank/UnrealCourseBT/BattleTank/Content/StarterContent/Textures/T_Rock_Basalt_N.uasset" 454
"../../../../../../Unreal/BattleTank/UnrealCourseBT/BattleTank/Content/StarterContent/Materials/M_Rock_Basalt.uasset" 455
"../../../../../../Unreal/BattleTank/UnrealCourseBT/BattleTank/Content/StarterContent/Materials/M_Rock_Marble_Polished.uasset" 456
"../../../../../../Unreal/BattleTank/UnrealCourseBT/BattleTank/Content/StarterContent/Textures/T_Rock_Sandstone_D.uasset" 457
"../../../../../../Unreal/BattleTank/UnrealCourseBT/BattleTank/Content/StarterContent/Textures/T_Rock_Sandstone_N.uasset" 458
"../../../../../../Unreal/BattleTank/UnrealCourseBT/BattleTank/Content/StarterContent/Materials/M_Rock_Sandstone.uasset" 459
"../../../../../../Unreal/BattleTank/UnrealCourseBT/BattleTank/Content/StarterContent/Textures/T_Rock_Slate_D.uasset" 460
"../../../../../../Unreal/BattleTank/UnrealCourseBT/BattleTank/Content/StarterContent/Textures/T_Rock_Slate_N.uasset" 461
"../../../../../../Unreal/BattleTank/UnrealCourseBT/BattleTank/Content/StarterContent/Materials/M_Rock_Slate.uasset" 462
"../../../../../../Unreal/BattleTank/UnrealCourseBT/BattleTank/Content/StarterContent/Textures/T_Checker_Noise_M.uasset" 463
"../../../../../../Unreal/BattleTank/UnrealCourseBT/BattleTank/Content/StarterContent/Textures/T_Single_Tile_N.uasset" 464
"../../../../../../Unreal/BattleTank/UnrealCourseBT/BattleTank/Content/StarterContent/Textures/T_Tech_Dot_M.uasset" 465
"../../../../../../Unreal/BattleTank/UnrealCourseBT/BattleTank/Content/StarterContent/Textures/T_Tech_Dot_N.uasset" 466
"../../../../../../Unreal/BattleTank/UnrealCourseBT/BattleTank/Content/StarterContent/Materials/M_Tech_Checker_Dot.uasset" 467
"../../../../../../Unreal/BattleTank/UnrealCourseBT/BattleTank/Content/StarterContent/Textures/T_Tech_Hex_Tile_M.uasset" 468
"../../../../../../Unreal/BattleTank/UnrealCourseBT/BattleTank/Content/StarterContent/Textures/T_Tech_Hex_Tile_N.uasset" 469
"../../../../../../Unreal/BattleTank/UnrealCourseBT/BattleTank/Content/StarterContent/Materials/M_Tech_Hex_Tile.uasset" 470
"../../../../../../Unreal/BattleTank/UnrealCourseBT/BattleTank/Content/StarterContent/Materials/M_Tech_Hex_Tile_Pulse.uasset" 471
"../../../../../../Unreal/BattleTank/UnrealCourseBT/BattleTank/Content/StarterContent/Textures/T_Tech_Panel_M.uasset" 472
"../../../../../../Unreal/BattleTank/UnrealCourseBT/BattleTank/Content/StarterContent/Textures/T_Tech_Panel_N.uasset" 473
"../../../../../../Unreal/BattleTank/UnrealCourseBT/BattleTank/Content/StarterContent/Materials/M_Tech_Panel.uasset" 474
"../../../../../../Unreal/BattleTank/UnrealCourseBT/BattleTank/Content/StarterContent/Materials/M_Water_Lake.uasset" 475
"../../../../../../Unreal/BattleTank/UnrealCourseBT/BattleTank/Content/StarterContent/Textures/T_Water_M.uasset" 476
"../../../../../../Unreal/BattleTank/UnrealCourseBT/BattleTank/Content/StarterContent/Materials/M_Water_Ocean.uasset" 477
"../../../../../../Unreal/BattleTank/UnrealCourseBT/BattleTank/Content/StarterContent/Textures/T_Wood_Floor_Walnut_D.uasset" 478
"../../../../../../Unreal/BattleTank/UnrealCourseBT/BattleTank/Content/StarterContent/Textures/T_Wood_Floor_Walnut_M.uasset" 479
"../../../../../../Unreal/BattleTank/UnrealCourseBT/BattleTank/Content/StarterContent/Textures/T_Wood_Floor_Walnut_N.uasset" 480
"../../../../../../Unreal/BattleTank/UnrealCourseBT/BattleTank/Content/StarterContent/Materials/M_Wood_Floor_Walnut_Polished.uasset" 481
"../../../Engine/Content/Functions/Engine_MaterialFunctions01/Opacity/AlphaOffset.uasset" 482
"../../../../../../Unreal/BattleTank/UnrealCourseBT/BattleTank/Content/StarterContent/Materials/M_Wood_Floor_Walnut_Worn.uasset" 483
"../../../../../../Unreal/BattleTank/UnrealCourseBT/BattleTank/Content/StarterContent/Textures/T_Wood_Oak_D.uasset" 484
"../../../../../../Unreal/BattleTank/UnrealCourseBT/BattleTank/Content/StarterContent/Textures/T_Wood_Oak_N.uasset" 485
"../../../../../../Unreal/BattleTank/UnrealCourseBT/BattleTank/Content/StarterContent/Materials/M_Wood_Oak.uasset" 486
"../../../../../../Unreal/BattleTank/UnrealCourseBT/BattleTank/Content/StarterContent/Textures/T_Wood_Pine_D.uasset" 487
"../../../../../../Unreal/BattleTank/UnrealCourseBT/BattleTank/Content/StarterContent/Textures/T_Wood_Pine_N.uasset" 488
"../../../../../../Unreal/BattleTank/UnrealCourseBT/BattleTank/Content/StarterContent/Materials/M_Wood_Pine.uasset" 489
"../../../../../../Unreal/BattleTank/UnrealCourseBT/BattleTank/Content/StarterContent/Textures/T_Wood_Walnut_D.uasset" 490
"../../../../../../Unreal/BattleTank/UnrealCourseBT/BattleTank/Content/StarterContent/Textures/T_Wood_Walnut_N.uasset" 491
"../../../../../../Unreal/BattleTank/UnrealCourseBT/BattleTank/Content/StarterContent/Materials/M_Wood_Walnut.uasset" 492
"../../../../../../Unreal/BattleTank/UnrealCourseBT/BattleTank/Content/StarterContent/Architecture/Wall_400x200.uasset" 493
"../../../../../../Unreal/BattleTank/UnrealCourseBT/BattleTank/Content/StarterContent/Architecture/Wall_Door_400x300.uasset" 494
"../../../../../../Unreal/BattleTank/UnrealCourseBT/BattleTank/Content/StarterContent/Architecture/Wall_Window_400x300.uasset" 495
"../../../../../../Unreal/BattleTank/UnrealCourseBT/BattleTank/Content/StarterContent/Audio/Collapse_Cue.uasset" 496
"../../../../../../Unreal/BattleTank/UnrealCourseBT/BattleTank/Content/StarterContent/Audio/Starter_Music_Cue.uasset" 497
"../../../../../../Unreal/BattleTank/UnrealCourseBT/BattleTank/Content/StarterContent/Textures/T_Dust_Particle_D.uasset" 498
"../../../../../../Unreal/BattleTank/UnrealCourseBT/BattleTank/Content/StarterContent/Particles/Materials/M_Dust_Particle.uasset" 499
"../../../../../../Unreal/BattleTank/UnrealCourseBT/BattleTank/Content/StarterContent/Particles/P_Ambient_Dust.uasset" 500
"../../../../../../Unreal/BattleTank/UnrealCourseBT/BattleTank/Content/StarterContent/Props/MaterialSphere.uasset" 501
"../../../../../../Unreal/BattleTank/UnrealCourseBT/BattleTank/Content/StarterContent/Textures/T_Frame_N.uasset" 502
"../../../../../../Unreal/BattleTank/UnrealCourseBT/BattleTank/Content/StarterContent/Props/Materials/M_Frame.uasset" 503
"../../../../../../Unreal/BattleTank/UnrealCourseBT/BattleTank/Content/StarterContent/Props/SM_CornerFrame.uasset" 504
"../../../../../../Unreal/BattleTank/UnrealCourseBT/BattleTank/Content/StarterContent/Props/SM_DoorFrame.uasset" 505
"../../../../../../Unreal/BattleTank/UnrealCourseBT/BattleTank/Content/StarterContent/Props/SM_GlassWindow.uasset" 506
"../../../../../../Unreal/BattleTank/UnrealCourseBT/BattleTank/Content/StarterContent/Props/SM_PillarFrame.uasset" 507
"../../../../../../Unreal/BattleTank/UnrealCourseBT/BattleTank/Content/StarterContent/Props/SM_PillarFrame300.uasset" 508
"../../../../../../Unreal/BattleTank/UnrealCourseBT/BattleTank/Content/StarterContent/Props/SM_WindowFrame.uasset" 509
"../../../../../../Unreal/BattleTank/UnrealCourseBT/BattleTank/Content/StarterContent/Shapes/Shape_Cube.uasset" 510
"../../../../../../Unreal/BattleTank/UnrealCourseBT/BattleTank/Content/StarterContent/Shapes/Shape_QuadPyramid.uasset" 511
"../../../../../../Unreal/BattleTank/UnrealCourseBT/BattleTank/Content/StarterContent/Shapes/Shape_Sphere.uasset" 512
"../../../../../../Unreal/BattleTank/UnrealCourseBT/BattleTank/Content/StarterContent/Maps/StarterMap.umap" 513
"../../../Engine/Content/Maps/Entry_BuiltData.uasset" 514
"../../../Engine/Content/Maps/Entry.umap" 515
